<?xml version="1.0" encoding="UTF-8"?>
<!-- Generated by org.testng.reporters.JUnitReportReporter -->
<testsuite hostname="Swethas-MacBook-Air.local" failures="0" tests="2" name="com.testcases.Tc_bedmanagement" time="14.656" errors="0" timestamp="2024-04-12T19:26:16 IST" skipped="0">
  <testcase classname="com.testcases.Tc_bedmanagement" name="login" time="0.133"/>
  <testcase classname="com.testcases.Tc_bedmanagement" name="bedmanagement" time="14.523"/>
</testsuite> <!-- com.testcases.Tc_bedmanagement -->
