<?xml version="1.0" encoding="UTF-8"?>
<!-- Generated by org.testng.reporters.JUnitReportReporter -->
<testsuite hostname="Swethas-MacBook-Air.local" failures="0" tests="2" name="com.testcases.Tc_beds" time="46.433" errors="0" timestamp="2024-04-16T08:34:12 IST" skipped="0">
  <testcase classname="com.testcases.Tc_beds" name="login" time="0.232"/>
  <testcase classname="com.testcases.Tc_beds" name="beds" time="46.201"/>
</testsuite> <!-- com.testcases.Tc_beds -->
