<?xml version="1.0" encoding="UTF-8"?>
<!-- Generated by org.testng.reporters.JUnitReportReporter -->
<testsuite hostname="Swethas-MacBook-Air.local" failures="0" tests="1" name="com.testcases.Tc_login" time="0.351" errors="0" timestamp="2024-04-12T19:49:48 IST" skipped="0">
  <testcase classname="com.testcases.Tc_login" name="login" time="0.351"/>
</testsuite> <!-- com.testcases.Tc_login -->
